<?xml version="1.0" encoding="UTF-8"?>
<!-- Generated by org.testng.reporters.JUnitReportReporter -->
<testsuite skipped="0" hostname="LAPTOP-92B43PI5" name="com.shapes.Objects" tests="1" failures="0" timestamp="10 Feb 2022 17:17:25 GMT" time="0.013" errors="0">
  <testcase name="Test" time="0.013" classname="com.shapes.Objects"/>
</testsuite> <!-- com.shapes.Objects -->
